  [4;36;1mSQL (15.0ms)[0m   [0;1mSET NAMES 'utf8'[0m
  [4;35;1mSQL (0.0ms)[0m   [0mSET SQL_AUTO_IS_NULL=0[0m
  [4;36;1mSQL (0.0ms)[0m   [0;1mSHOW TABLES[0m
  [4;35;1mSQL (141.0ms)[0m   [0mCREATE TABLE `schema_migrations` (`version` varchar(255) NOT NULL) ENGINE=InnoDB[0m
  [4;36;1mSQL (297.0ms)[0m   [0;1mCREATE UNIQUE INDEX `unique_schema_migrations` ON `schema_migrations` (`version`)[0m
  [4;35;1mSQL (0.0ms)[0m   [0mSHOW TABLES[0m
  [4;36;1mSQL (16.0ms)[0m   [0;1mSELECT version FROM schema_migrations[0m
Migrating to CreateMeals (20090818135702)
  [4;35;1mSQL (94.0ms)[0m   [0mCREATE TABLE `meals` (`id` int(11) DEFAULT NULL auto_increment PRIMARY KEY, `name` varchar(255), `created_at` datetime, `updated_at` datetime) ENGINE=InnoDB[0m
  [4;36;1mSQL (31.0ms)[0m   [0;1mINSERT INTO schema_migrations (version) VALUES ('20090818135702')[0m
  [4;35;1mSQL (0.0ms)[0m   [0mSHOW TABLES[0m
  [4;36;1mSQL (15.0ms)[0m   [0;1mSELECT version FROM schema_migrations[0m
  [4;35;1mSQL (0.0ms)[0m   [0mSHOW TABLES[0m
  [4;36;1mSQL (0.0ms)[0m   [0;1mSHOW FIELDS FROM `meals`[0m
  [4;35;1mSQL (0.0ms)[0m   [0mdescribe `meals`[0m
  [4;36;1mSQL (0.0ms)[0m   [0;1mSHOW KEYS FROM `meals`[0m


Processing MealsController#index (for 127.0.0.1 at 2009-08-18 09:59:42) [GET]
  [4;36;1mSQL (0.0ms)[0m   [0;1mSET NAMES 'utf8'[0m
  [4;35;1mSQL (0.0ms)[0m   [0mSET SQL_AUTO_IS_NULL=0[0m
  [4;36;1mMeal Load (0.0ms)[0m   [0;1mSELECT * FROM `meals` [0m
Rendering template within layouts/meals
Rendering meals/index
Completed in 15ms (View: 15, DB: 0) | 200 OK [http://localhost/meals]


Processing MealsController#new (for 127.0.0.1 at 2009-08-18 09:59:45) [GET]
  [4;35;1mSQL (0.0ms)[0m   [0mSET NAMES 'utf8'[0m
  [4;36;1mSQL (0.0ms)[0m   [0;1mSET SQL_AUTO_IS_NULL=0[0m
  [4;35;1mMeal Columns (0.0ms)[0m   [0mSHOW FIELDS FROM `meals`[0m
Rendering template within layouts/meals
Rendering meals/new
Completed in 63ms (View: 32, DB: 0) | 200 OK [http://localhost/meals/new]
  [4;36;1mSQL (0.0ms)[0m   [0;1mSET NAMES 'utf8'[0m
  [4;35;1mSQL (0.0ms)[0m   [0mSET SQL_AUTO_IS_NULL=0[0m
  [4;36;1mSQL (0.0ms)[0m   [0;1mSHOW TABLES[0m
  [4;35;1mSQL (0.0ms)[0m   [0mSELECT version FROM schema_migrations[0m
Migrating to CreateMeals (20090818135702)
Migrating to CreateConditions (20090818140223)
  [4;36;1mSQL (125.0ms)[0m   [0;1mCREATE TABLE `conditions` (`id` int(11) DEFAULT NULL auto_increment PRIMARY KEY, `name` varchar(255), `created_at` datetime, `updated_at` datetime) ENGINE=InnoDB[0m
  [4;35;1mSQL (172.0ms)[0m   [0mINSERT INTO schema_migrations (version) VALUES ('20090818140223')[0m
  [4;36;1mSQL (0.0ms)[0m   [0;1mSHOW TABLES[0m
  [4;35;1mSQL (0.0ms)[0m   [0mSELECT version FROM schema_migrations[0m
  [4;36;1mSQL (0.0ms)[0m   [0;1mSHOW TABLES[0m
  [4;35;1mSQL (0.0ms)[0m   [0mSHOW FIELDS FROM `conditions`[0m
  [4;36;1mSQL (0.0ms)[0m   [0;1mdescribe `conditions`[0m
  [4;35;1mSQL (0.0ms)[0m   [0mSHOW KEYS FROM `conditions`[0m
  [4;36;1mSQL (0.0ms)[0m   [0;1mSHOW FIELDS FROM `meals`[0m
  [4;35;1mSQL (0.0ms)[0m   [0mdescribe `meals`[0m
  [4;36;1mSQL (0.0ms)[0m   [0;1mSHOW KEYS FROM `meals`[0m
  [4;36;1mSQL (0.0ms)[0m   [0;1mSET NAMES 'utf8'[0m
  [4;35;1mSQL (0.0ms)[0m   [0mSET SQL_AUTO_IS_NULL=0[0m
  [4;36;1mSQL (0.0ms)[0m   [0;1mSHOW TABLES[0m
  [4;35;1mSQL (0.0ms)[0m   [0mSELECT version FROM schema_migrations[0m
Migrating to CreateMeals (20090818135702)
Migrating to CreateConditions (20090818140223)
Migrating to CreatePrograms (20090818153536)
  [4;36;1mSQL (0.0ms)[0m   [0;1mSET NAMES 'utf8'[0m
  [4;35;1mSQL (0.0ms)[0m   [0mSET SQL_AUTO_IS_NULL=0[0m
  [4;36;1mSQL (0.0ms)[0m   [0;1mSHOW TABLES[0m
  [4;35;1mSQL (0.0ms)[0m   [0mSELECT version FROM schema_migrations[0m
Migrating to CreateMeals (20090818135702)
Migrating to CreateConditions (20090818140223)
Migrating to CreatePrograms (20090818153536)
  [4;36;1mSQL (141.0ms)[0m   [0;1mCREATE TABLE `programs` (`id` int(11) DEFAULT NULL auto_increment PRIMARY KEY, `meal_id` int(11), `condition_id` int(11), `created_at` datetime, `updated_at` datetime) ENGINE=InnoDB[0m
  [4;35;1mSQL (31.0ms)[0m   [0mINSERT INTO schema_migrations (version) VALUES ('20090818153536')[0m
  [4;36;1mSQL (0.0ms)[0m   [0;1mSHOW TABLES[0m
  [4;35;1mSQL (0.0ms)[0m   [0mSELECT version FROM schema_migrations[0m
  [4;36;1mSQL (0.0ms)[0m   [0;1mSHOW TABLES[0m
  [4;35;1mSQL (0.0ms)[0m   [0mSHOW FIELDS FROM `conditions`[0m
  [4;36;1mSQL (0.0ms)[0m   [0;1mdescribe `conditions`[0m
  [4;35;1mSQL (0.0ms)[0m   [0mSHOW KEYS FROM `conditions`[0m
  [4;36;1mSQL (0.0ms)[0m   [0;1mSHOW FIELDS FROM `meals`[0m
  [4;35;1mSQL (0.0ms)[0m   [0mdescribe `meals`[0m
  [4;36;1mSQL (0.0ms)[0m   [0;1mSHOW KEYS FROM `meals`[0m
  [4;35;1mSQL (0.0ms)[0m   [0mSHOW FIELDS FROM `programs`[0m
  [4;36;1mSQL (0.0ms)[0m   [0;1mdescribe `programs`[0m
  [4;35;1mSQL (0.0ms)[0m   [0mSHOW KEYS FROM `programs`[0m


Processing ConditionsController#index (for 127.0.0.1 at 2009-08-18 13:22:32) [GET]
  [4;36;1mSQL (0.0ms)[0m   [0;1mSET NAMES 'utf8'[0m
  [4;35;1mSQL (0.0ms)[0m   [0mSET SQL_AUTO_IS_NULL=0[0m
  [4;36;1mCondition Load (0.0ms)[0m   [0;1mSELECT * FROM `conditions` [0m
Rendering template within layouts/conditions
Rendering conditions/index
Completed in 31ms (View: 16, DB: 0) | 200 OK [http://localhost/conditions]


Processing ConditionsController#new (for 127.0.0.1 at 2009-08-18 13:39:08) [GET]
  [4;35;1mSQL (0.0ms)[0m   [0mSET NAMES 'utf8'[0m
  [4;36;1mSQL (0.0ms)[0m   [0;1mSET SQL_AUTO_IS_NULL=0[0m
  [4;35;1mCondition Columns (0.0ms)[0m   [0mSHOW FIELDS FROM `conditions`[0m
Rendering template within layouts/conditions
Rendering conditions/new
Completed in 31ms (View: 16, DB: 0) | 200 OK [http://localhost/conditions/new]


Processing ConditionsController#create (for 127.0.0.1 at 2009-08-18 13:39:15) [POST]
  Parameters: {"commit"=>"Create", "authenticity_token"=>"de1c5492791f968adbbcf1d047b4a0da0e78d837", "condition"=>{"name"=>"Diabetes"}}
  [4;36;1mSQL (0.0ms)[0m   [0;1mSET NAMES 'utf8'[0m
  [4;35;1mSQL (0.0ms)[0m   [0mSET SQL_AUTO_IS_NULL=0[0m
  [4;36;1mCondition Columns (0.0ms)[0m   [0;1mSHOW FIELDS FROM `conditions`[0m
  [4;35;1mSQL (0.0ms)[0m   [0mBEGIN[0m
  [4;36;1mCondition Create (47.0ms)[0m   [0;1mINSERT INTO `conditions` (`name`, `updated_at`, `created_at`) VALUES('Diabetes', '2009-08-18 17:39:15', '2009-08-18 17:39:15')[0m
  [4;35;1mSQL (94.0ms)[0m   [0mCOMMIT[0m
Redirected to #<Condition:0x4762240>
Completed in 188ms (DB: 141) | 302 Found [http://localhost/conditions]


Processing ConditionsController#show (for 127.0.0.1 at 2009-08-18 13:39:16) [GET]
  Parameters: {"id"=>"1"}
  [4;36;1mSQL (0.0ms)[0m   [0;1mSET NAMES 'utf8'[0m
  [4;35;1mSQL (0.0ms)[0m   [0mSET SQL_AUTO_IS_NULL=0[0m
  [4;36;1mCondition Columns (0.0ms)[0m   [0;1mSHOW FIELDS FROM `conditions`[0m
  [4;35;1mCondition Load (94.0ms)[0m   [0mSELECT * FROM `conditions` WHERE (`conditions`.`id` = 1) [0m
Rendering template within layouts/conditions
Rendering conditions/show
Completed in 125ms (View: 15, DB: 94) | 200 OK [http://localhost/conditions/1]


Processing ConditionsController#index (for 127.0.0.1 at 2009-08-18 13:39:19) [GET]
  [4;36;1mSQL (0.0ms)[0m   [0;1mSET NAMES 'utf8'[0m
  [4;35;1mSQL (0.0ms)[0m   [0mSET SQL_AUTO_IS_NULL=0[0m
  [4;36;1mCondition Load (0.0ms)[0m   [0;1mSELECT * FROM `conditions` [0m
Rendering template within layouts/conditions
Rendering conditions/index
  [4;35;1mCondition Columns (0.0ms)[0m   [0mSHOW FIELDS FROM `conditions`[0m
Completed in 31ms (View: 15, DB: 0) | 200 OK [http://localhost/conditions]


Processing ConditionsController#new (for 127.0.0.1 at 2009-08-18 13:39:23) [GET]
  [4;36;1mSQL (0.0ms)[0m   [0;1mSET NAMES 'utf8'[0m
  [4;35;1mSQL (0.0ms)[0m   [0mSET SQL_AUTO_IS_NULL=0[0m
  [4;36;1mCondition Columns (0.0ms)[0m   [0;1mSHOW FIELDS FROM `conditions`[0m
Rendering template within layouts/conditions
Rendering conditions/new
Completed in 31ms (View: 15, DB: 0) | 200 OK [http://localhost/conditions/new]


Processing ConditionsController#create (for 127.0.0.1 at 2009-08-18 13:39:35) [POST]
  Parameters: {"commit"=>"Create", "authenticity_token"=>"de1c5492791f968adbbcf1d047b4a0da0e78d837", "condition"=>{"name"=>"High blood pressure"}}
  [4;35;1mSQL (0.0ms)[0m   [0mSET NAMES 'utf8'[0m
  [4;36;1mSQL (0.0ms)[0m   [0;1mSET SQL_AUTO_IS_NULL=0[0m
  [4;35;1mCondition Columns (0.0ms)[0m   [0mSHOW FIELDS FROM `conditions`[0m
  [4;36;1mSQL (0.0ms)[0m   [0;1mBEGIN[0m
  [4;35;1mCondition Create (0.0ms)[0m   [0mINSERT INTO `conditions` (`name`, `updated_at`, `created_at`) VALUES('High blood pressure', '2009-08-18 17:39:35', '2009-08-18 17:39:35')[0m
  [4;36;1mSQL (109.0ms)[0m   [0;1mCOMMIT[0m
Redirected to #<Condition:0x463d360>
Completed in 125ms (DB: 109) | 302 Found [http://localhost/conditions]


Processing ConditionsController#show (for 127.0.0.1 at 2009-08-18 13:39:35) [GET]
  Parameters: {"id"=>"2"}
  [4;35;1mSQL (0.0ms)[0m   [0mSET NAMES 'utf8'[0m
  [4;36;1mSQL (0.0ms)[0m   [0;1mSET SQL_AUTO_IS_NULL=0[0m
  [4;35;1mCondition Columns (0.0ms)[0m   [0mSHOW FIELDS FROM `conditions`[0m
  [4;36;1mCondition Load (0.0ms)[0m   [0;1mSELECT * FROM `conditions` WHERE (`conditions`.`id` = 2) [0m
Rendering template within layouts/conditions
Rendering conditions/show
Completed in 31ms (View: 15, DB: 0) | 200 OK [http://localhost/conditions/2]


Processing ConditionsController#index (for 127.0.0.1 at 2009-08-18 13:39:38) [GET]
  [4;35;1mSQL (0.0ms)[0m   [0mSET NAMES 'utf8'[0m
  [4;36;1mSQL (0.0ms)[0m   [0;1mSET SQL_AUTO_IS_NULL=0[0m
  [4;35;1mCondition Load (0.0ms)[0m   [0mSELECT * FROM `conditions` [0m
Rendering template within layouts/conditions
Rendering conditions/index
  [4;36;1mCondition Columns (0.0ms)[0m   [0;1mSHOW FIELDS FROM `conditions`[0m
Completed in 15ms (View: 0, DB: 0) | 200 OK [http://localhost/conditions]


Processing MealsController#create (for 127.0.0.1 at 2009-08-18 13:40:42) [POST]
  Parameters: {"commit"=>"Create", "meal"=>{"name"=>"Curry chicken over rice"}, "authenticity_token"=>"de1c5492791f968adbbcf1d047b4a0da0e78d837"}
  [4;35;1mSQL (0.0ms)[0m   [0mSET NAMES 'utf8'[0m
  [4;36;1mSQL (0.0ms)[0m   [0;1mSET SQL_AUTO_IS_NULL=0[0m
  [4;35;1mMeal Columns (0.0ms)[0m   [0mSHOW FIELDS FROM `meals`[0m
  [4;36;1mSQL (0.0ms)[0m   [0;1mBEGIN[0m
  [4;35;1mMeal Create (0.0ms)[0m   [0mINSERT INTO `meals` (`name`, `updated_at`, `created_at`) VALUES('Curry chicken over rice', '2009-08-18 17:40:42', '2009-08-18 17:40:42')[0m
  [4;36;1mSQL (79.0ms)[0m   [0;1mCOMMIT[0m
Redirected to #<Meal:0x4840e14>
Completed in 94ms (DB: 79) | 302 Found [http://localhost/meals]


Processing MealsController#show (for 127.0.0.1 at 2009-08-18 13:40:42) [GET]
  Parameters: {"id"=>"1"}
  [4;35;1mSQL (0.0ms)[0m   [0mSET NAMES 'utf8'[0m
  [4;36;1mSQL (0.0ms)[0m   [0;1mSET SQL_AUTO_IS_NULL=0[0m
  [4;35;1mMeal Columns (0.0ms)[0m   [0mSHOW FIELDS FROM `meals`[0m
  [4;36;1mMeal Load (0.0ms)[0m   [0;1mSELECT * FROM `meals` WHERE (`meals`.`id` = 1) [0m
Rendering template within layouts/meals
Rendering meals/show
Completed in 31ms (View: 15, DB: 0) | 200 OK [http://localhost/meals/1]


Processing MealsController#index (for 127.0.0.1 at 2009-08-18 13:40:44) [GET]
  [4;35;1mSQL (0.0ms)[0m   [0mSET NAMES 'utf8'[0m
  [4;36;1mSQL (0.0ms)[0m   [0;1mSET SQL_AUTO_IS_NULL=0[0m
  [4;35;1mMeal Load (0.0ms)[0m   [0mSELECT * FROM `meals` [0m
Rendering template within layouts/meals
Rendering meals/index
  [4;36;1mMeal Columns (0.0ms)[0m   [0;1mSHOW FIELDS FROM `meals`[0m
Completed in 31ms (View: 16, DB: 0) | 200 OK [http://localhost/meals]


Processing MealsController#new (for 127.0.0.1 at 2009-08-18 13:40:46) [GET]
  [4;35;1mSQL (0.0ms)[0m   [0mSET NAMES 'utf8'[0m
  [4;36;1mSQL (0.0ms)[0m   [0;1mSET SQL_AUTO_IS_NULL=0[0m
  [4;35;1mMeal Columns (0.0ms)[0m   [0mSHOW FIELDS FROM `meals`[0m
Rendering template within layouts/meals
Rendering meals/new
Completed in 46ms (View: 15, DB: 0) | 200 OK [http://localhost/meals/new]


Processing MealsController#create (for 127.0.0.1 at 2009-08-18 13:40:54) [POST]
  Parameters: {"commit"=>"Create", "meal"=>{"name"=>"Baked Zitti"}, "authenticity_token"=>"de1c5492791f968adbbcf1d047b4a0da0e78d837"}
  [4;36;1mSQL (0.0ms)[0m   [0;1mSET NAMES 'utf8'[0m
  [4;35;1mSQL (0.0ms)[0m   [0mSET SQL_AUTO_IS_NULL=0[0m
  [4;36;1mMeal Columns (0.0ms)[0m   [0;1mSHOW FIELDS FROM `meals`[0m
  [4;35;1mSQL (0.0ms)[0m   [0mBEGIN[0m
  [4;36;1mMeal Create (0.0ms)[0m   [0;1mINSERT INTO `meals` (`name`, `updated_at`, `created_at`) VALUES('Baked Zitti', '2009-08-18 17:40:54', '2009-08-18 17:40:54')[0m
  [4;35;1mSQL (94.0ms)[0m   [0mCOMMIT[0m
Redirected to #<Meal:0x470df24>
Completed in 125ms (DB: 94) | 302 Found [http://localhost/meals]


Processing MealsController#show (for 127.0.0.1 at 2009-08-18 13:40:55) [GET]
  Parameters: {"id"=>"2"}
  [4;36;1mSQL (0.0ms)[0m   [0;1mSET NAMES 'utf8'[0m
  [4;35;1mSQL (0.0ms)[0m   [0mSET SQL_AUTO_IS_NULL=0[0m
  [4;36;1mMeal Columns (0.0ms)[0m   [0;1mSHOW FIELDS FROM `meals`[0m
  [4;35;1mMeal Load (0.0ms)[0m   [0mSELECT * FROM `meals` WHERE (`meals`.`id` = 2) [0m
Rendering template within layouts/meals
Rendering meals/show
Completed in 31ms (View: 16, DB: 0) | 200 OK [http://localhost/meals/2]


Processing MealsController#index (for 127.0.0.1 at 2009-08-18 13:40:57) [GET]
  [4;36;1mSQL (0.0ms)[0m   [0;1mSET NAMES 'utf8'[0m
  [4;35;1mSQL (0.0ms)[0m   [0mSET SQL_AUTO_IS_NULL=0[0m
  [4;36;1mMeal Load (0.0ms)[0m   [0;1mSELECT * FROM `meals` [0m
Rendering template within layouts/meals
Rendering meals/index
  [4;35;1mMeal Columns (0.0ms)[0m   [0mSHOW FIELDS FROM `meals`[0m
Completed in 47ms (View: 31, DB: 0) | 200 OK [http://localhost/meals]
